#
# There is insufficient memory for the Java Runtime Environment to continue.
# Native memory allocation (mmap) failed to map 65536 bytes for Failed to commit metaspace.
# Possible reasons:
#   The system is out of physical RAM or swap space
#   The process is running with CompressedOops enabled, and the Java Heap may be blocking the growth of the native heap
# Possible solutions:
#   Reduce memory load on the system
#   Increase physical memory or swap space
#   Check if swap backing store is full
#   Decrease Java heap size (-Xmx/-Xms)
#   Decrease number of Java threads
#   Decrease Java thread stack sizes (-Xss)
#   Set larger code cache with -XX:ReservedCodeCacheSize=
#   JVM is running with Unscaled Compressed Oops mode in which the Java heap is
#     placed in the first 4GB address space. The Java Heap base address is the
#     maximum limit for the native heap growth. Please use -XX:HeapBaseMinAddress
#     to set the Java Heap base and to place the Java Heap above 4GB virtual address.
# This output file may be truncated or incomplete.
#
#  Out of Memory Error (virtualSpaceNode.cpp:110), pid=5844, tid=12472
#
# JRE version: Java(TM) SE Runtime Environment (17.0.12+8) (build 17.0.12+8-LTS-286)
# Java VM: Java HotSpot(TM) 64-Bit Server VM (17.0.12+8-LTS-286, mixed mode, sharing, tiered, compressed oops, compressed class ptrs, g1 gc, windows-amd64)
# No core dump will be written. Minidumps are not enabled by default on client versions of Windows
#

---------------  S U M M A R Y ------------

Command Line: -Xmx64m -Xms64m -Dorg.gradle.appname=gradlew org.gradle.wrapper.GradleWrapperMain app:installDebug -PreactNativeDevServerPort=8081

Host: 12th Gen Intel(R) Core(TM) i5-12400, 12 cores, 7G,  Windows 10 , 64 bit Build 19041 (10.0.19041.3155)
Time: Thu May 22 20:12:13 2025 Hora oficial do Brasil elapsed time: 0.124409 seconds (0d 0h 0m 0s)

---------------  T H R E A D  ---------------

Current thread (0x000001b4800237d0):  JavaThread "main" [_thread_in_vm, id=12472, stack(0x0000000c54000000,0x0000000c54100000)]

Stack: [0x0000000c54000000,0x0000000c54100000]
Native frames: (J=compiled Java code, j=interpreted, Vv=VM code, C=native code)
V  [jvm.dll+0x67a04a]
V  [jvm.dll+0x7da4ed]
V  [jvm.dll+0x7dbe33]
V  [jvm.dll+0x7dc4a3]
V  [jvm.dll+0x24508f]
V  [jvm.dll+0x7d60bb]
V  [jvm.dll+0x6206c6]
V  [jvm.dll+0x62072a]
V  [jvm.dll+0x622f4d]
V  [jvm.dll+0x621086]
V  [jvm.dll+0x2429bc]
V  [jvm.dll+0x6d0a9d]
V  [jvm.dll+0x6d146f]
V  [jvm.dll+0x36e355]
V  [jvm.dll+0x36d404]
V  [jvm.dll+0x36d3a8]
V  [jvm.dll+0x561be5]
V  [jvm.dll+0x560b6c]
V  [jvm.dll+0x380f73]
V  [jvm.dll+0x3805df]
C  0x000001b48ee3a48a

Java frames: (J=compiled Java code, j=interpreted, Vv=VM code)
j  sun.security.provider.MD5.implDigest([BI)V+57 java.base@17.0.12
j  sun.security.provider.DigestBase.engineDigest([BII)I+97 java.base@17.0.12
j  sun.security.provider.DigestBase.engineDigest()[B+12 java.base@17.0.12
j  java.security.MessageDigest$Delegate.engineDigest()[B+4 java.base@17.0.12
j  java.security.MessageDigest.digest()[B+1 java.base@17.0.12
j  org.gradle.wrapper.PathAssembler.getHash(Ljava/lang/String;)Ljava/lang/String;+22
j  org.gradle.wrapper.PathAssembler.rootDirName(Ljava/lang/String;Lorg/gradle/wrapper/WrapperConfiguration;)Ljava/lang/String;+11
j  org.gradle.wrapper.PathAssembler.getDistribution(Lorg/gradle/wrapper/WrapperConfiguration;)Lorg/gradle/wrapper/PathAssembler$LocalDistribution;+18
j  org.gradle.wrapper.Install.createDist(Lorg/gradle/wrapper/WrapperConfiguration;)Ljava/io/File;+10
j  org.gradle.wrapper.WrapperExecutor.execute([Ljava/lang/String;Lorg/gradle/wrapper/Install;Lorg/gradle/wrapper/BootstrapMainStarter;)V+5
j  org.gradle.wrapper.GradleWrapperMain.main([Ljava/lang/String;)V+206
v  ~StubRoutines::call_stub

---------------  P R O C E S S  ---------------

Threads class SMR info:
_java_thread_list=0x000001b4df015890, length=12, elements={
0x000001b4800237d0, 0x000001b4800d6700, 0x000001b4800d7580, 0x000001b4800ea700,
0x000001b4800ec2d0, 0x000001b4800eeda0, 0x000001b4800ef760, 0x000001b4800f6d80,
0x000001b499b46010, 0x000001b4800f9b80, 0x000001b4df04a810, 0x000001b4df0558f0
}

Java Threads: ( => current thread )
=>0x000001b4800237d0 JavaThread "main" [_thread_in_vm, id=12472, stack(0x0000000c54000000,0x0000000c54100000)]
  0x000001b4800d6700 JavaThread "Reference Handler" daemon [_thread_blocked, id=7784, stack(0x0000000c54700000,0x0000000c54800000)]
  0x000001b4800d7580 JavaThread "Finalizer" daemon [_thread_blocked, id=4380, stack(0x0000000c54800000,0x0000000c54900000)]
  0x000001b4800ea700 JavaThread "Signal Dispatcher" daemon [_thread_blocked, id=14248, stack(0x0000000c54900000,0x0000000c54a00000)]
  0x000001b4800ec2d0 JavaThread "Attach Listener" daemon [_thread_blocked, id=3732, stack(0x0000000c54a00000,0x0000000c54b00000)]
  0x000001b4800eeda0 JavaThread "Service Thread" daemon [_thread_blocked, id=11916, stack(0x0000000c54b00000,0x0000000c54c00000)]
  0x000001b4800ef760 JavaThread "Monitor Deflation Thread" daemon [_thread_blocked, id=10196, stack(0x0000000c54c00000,0x0000000c54d00000)]
  0x000001b4800f6d80 JavaThread "C2 CompilerThread0" daemon [_thread_blocked, id=9276, stack(0x0000000c54d00000,0x0000000c54e00000)]
  0x000001b499b46010 JavaThread "C1 CompilerThread0" daemon [_thread_blocked, id=11452, stack(0x0000000c54e00000,0x0000000c54f00000)]
  0x000001b4800f9b80 JavaThread "Sweeper thread" daemon [_thread_blocked, id=8700, stack(0x0000000c54f00000,0x0000000c55000000)]
  0x000001b4df04a810 JavaThread "Notification Thread" daemon [_thread_blocked, id=13184, stack(0x0000000c55000000,0x0000000c55100000)]
  0x000001b4df0558f0 JavaThread "Common-Cleaner" daemon [_thread_blocked, id=1580, stack(0x0000000c55200000,0x0000000c55300000)]

Other Threads:
  0x000001b4800cf2d0 VMThread "VM Thread" [stack: 0x0000000c54600000,0x0000000c54700000] [id=14948]
  0x000001b48005be10 WatcherThread [stack: 0x0000000c55100000,0x0000000c55200000] [id=7376]
  0x000001b480045720 GCTaskThread "GC Thread#0" [stack: 0x0000000c54100000,0x0000000c54200000] [id=14608]
  0x000001b480047610 ConcurrentGCThread "G1 Main Marker" [stack: 0x0000000c54200000,0x0000000c54300000] [id=14388]
  0x000001b480048020 ConcurrentGCThread "G1 Conc#0" [stack: 0x0000000c54300000,0x0000000c54400000] [id=7888]
  0x000001b4800b0730 ConcurrentGCThread "G1 Refine#0" [stack: 0x0000000c54400000,0x0000000c54500000] [id=12804]
  0x000001b4800b1160 ConcurrentGCThread "G1 Service" [stack: 0x0000000c54500000,0x0000000c54600000] [id=11596]

Threads with active compile tasks:

VM state: not at safepoint (normal execution)

VM Mutex/Monitor currently owned by a thread:  ([mutex/lock_event])
[0x000001b4fdf2b9e0] Metaspace_lock - owner thread: 0x000001b4800237d0

Heap address: 0x00000000fc000000, size: 64 MB, Compressed Oops mode: 32-bit

CDS archive(s) mapped at: [0x000001b49a000000-0x000001b49abd0000-0x000001b49abd0000), size 12386304, SharedBaseAddress: 0x000001b49a000000, ArchiveRelocationMode: 1.
Compressed class space mapped at: 0x000001b49b000000-0x000001b4db000000, reserved size: 1073741824
Narrow klass base: 0x000001b49a000000, Narrow klass shift: 0, Narrow klass range: 0x100000000

GC Precious Log:
 CPUs: 12 total, 12 available
 Memory: 7508M
 Large Page Support: Disabled
 NUMA Support: Disabled
 Compressed Oops: Enabled (32-bit)
 Heap Region Size: 1M
 Heap Min Capacity: 64M
 Heap Initial Capacity: 64M
 Heap Max Capacity: 64M
 Pre-touch: Disabled
 Parallel Workers: 10
 Concurrent Workers: 3
 Concurrent Refinement Workers: 10
 Periodic GC: Disabled

Heap:
 garbage-first heap   total 65536K, used 2048K [0x00000000fc000000, 0x0000000100000000)
  region size 1024K, 3 young (3072K), 0 survivors (0K)
 Metaspace       used 994K, committed 1088K, reserved 1114112K
  class space    used 101K, committed 192K, reserved 1048576K

Heap Regions: E=young(eden), S=young(survivor), O=old, HS=humongous(starts), HC=humongous(continues), CS=collection set, F=free, OA=open archive, CA=closed archive, TAMS=top-at-mark-start (previous, next)
|   0|0x00000000fc000000, 0x00000000fc000000, 0x00000000fc100000|  0%| F|  |TAMS 0x00000000fc000000, 0x00000000fc000000| Untracked 
|   1|0x00000000fc100000, 0x00000000fc100000, 0x00000000fc200000|  0%| F|  |TAMS 0x00000000fc100000, 0x00000000fc100000| Untracked 
|   2|0x00000000fc200000, 0x00000000fc200000, 0x00000000fc300000|  0%| F|  |TAMS 0x00000000fc200000, 0x00000000fc200000| Untracked 
|   3|0x00000000fc300000, 0x00000000fc300000, 0x00000000fc400000|  0%| F|  |TAMS 0x00000000fc300000, 0x00000000fc300000| Untracked 
|   4|0x00000000fc400000, 0x00000000fc400000, 0x00000000fc500000|  0%| F|  |TAMS 0x00000000fc400000, 0x00000000fc400000| Untracked 
|   5|0x00000000fc500000, 0x00000000fc500000, 0x00000000fc600000|  0%| F|  |TAMS 0x00000000fc500000, 0x00000000fc500000| Untracked 
|   6|0x00000000fc600000, 0x00000000fc600000, 0x00000000fc700000|  0%| F|  |TAMS 0x00000000fc600000, 0x00000000fc600000| Untracked 
|   7|0x00000000fc700000, 0x00000000fc700000, 0x00000000fc800000|  0%| F|  |TAMS 0x00000000fc700000, 0x00000000fc700000| Untracked 
|   8|0x00000000fc800000, 0x00000000fc800000, 0x00000000fc900000|  0%| F|  |TAMS 0x00000000fc800000, 0x00000000fc800000| Untracked 
|   9|0x00000000fc900000, 0x00000000fc900000, 0x00000000fca00000|  0%| F|  |TAMS 0x00000000fc900000, 0x00000000fc900000| Untracked 
|  10|0x00000000fca00000, 0x00000000fca00000, 0x00000000fcb00000|  0%| F|  |TAMS 0x00000000fca00000, 0x00000000fca00000| Untracked 
|  11|0x00000000fcb00000, 0x00000000fcb00000, 0x00000000fcc00000|  0%| F|  |TAMS 0x00000000fcb00000, 0x00000000fcb00000| Untracked 
|  12|0x00000000fcc00000, 0x00000000fcc00000, 0x00000000fcd00000|  0%| F|  |TAMS 0x00000000fcc00000, 0x00000000fcc00000| Untracked 
|  13|0x00000000fcd00000, 0x00000000fcd00000, 0x00000000fce00000|  0%| F|  |TAMS 0x00000000fcd00000, 0x00000000fcd00000| Untracked 
|  14|0x00000000fce00000, 0x00000000fce00000, 0x00000000fcf00000|  0%| F|  |TAMS 0x00000000fce00000, 0x00000000fce00000| Untracked 
|  15|0x00000000fcf00000, 0x00000000fcf00000, 0x00000000fd000000|  0%| F|  |TAMS 0x00000000fcf00000, 0x00000000fcf00000| Untracked 
|  16|0x00000000fd000000, 0x00000000fd000000, 0x00000000fd100000|  0%| F|  |TAMS 0x00000000fd000000, 0x00000000fd000000| Untracked 
|  17|0x00000000fd100000, 0x00000000fd100000, 0x00000000fd200000|  0%| F|  |TAMS 0x00000000fd100000, 0x00000000fd100000| Untracked 
|  18|0x00000000fd200000, 0x00000000fd200000, 0x00000000fd300000|  0%| F|  |TAMS 0x00000000fd200000, 0x00000000fd200000| Untracked 
|  19|0x00000000fd300000, 0x00000000fd300000, 0x00000000fd400000|  0%| F|  |TAMS 0x00000000fd300000, 0x00000000fd300000| Untracked 
|  20|0x00000000fd400000, 0x00000000fd400000, 0x00000000fd500000|  0%| F|  |TAMS 0x00000000fd400000, 0x00000000fd400000| Untracked 
|  21|0x00000000fd500000, 0x00000000fd500000, 0x00000000fd600000|  0%| F|  |TAMS 0x00000000fd500000, 0x00000000fd500000| Untracked 
|  22|0x00000000fd600000, 0x00000000fd600000, 0x00000000fd700000|  0%| F|  |TAMS 0x00000000fd600000, 0x00000000fd600000| Untracked 
|  23|0x00000000fd700000, 0x00000000fd700000, 0x00000000fd800000|  0%| F|  |TAMS 0x00000000fd700000, 0x00000000fd700000| Untracked 
|  24|0x00000000fd800000, 0x00000000fd800000, 0x00000000fd900000|  0%| F|  |TAMS 0x00000000fd800000, 0x00000000fd800000| Untracked 
|  25|0x00000000fd900000, 0x00000000fd900000, 0x00000000fda00000|  0%| F|  |TAMS 0x00000000fd900000, 0x00000000fd900000| Untracked 
|  26|0x00000000fda00000, 0x00000000fda00000, 0x00000000fdb00000|  0%| F|  |TAMS 0x00000000fda00000, 0x00000000fda00000| Untracked 
|  27|0x00000000fdb00000, 0x00000000fdb00000, 0x00000000fdc00000|  0%| F|  |TAMS 0x00000000fdb00000, 0x00000000fdb00000| Untracked 
|  28|0x00000000fdc00000, 0x00000000fdc00000, 0x00000000fdd00000|  0%| F|  |TAMS 0x00000000fdc00000, 0x00000000fdc00000| Untracked 
|  29|0x00000000fdd00000, 0x00000000fdd00000, 0x00000000fde00000|  0%| F|  |TAMS 0x00000000fdd00000, 0x00000000fdd00000| Untracked 
|  30|0x00000000fde00000, 0x00000000fde00000, 0x00000000fdf00000|  0%| F|  |TAMS 0x00000000fde00000, 0x00000000fde00000| Untracked 
|  31|0x00000000fdf00000, 0x00000000fdf00000, 0x00000000fe000000|  0%| F|  |TAMS 0x00000000fdf00000, 0x00000000fdf00000| Untracked 
|  32|0x00000000fe000000, 0x00000000fe000000, 0x00000000fe100000|  0%| F|  |TAMS 0x00000000fe000000, 0x00000000fe000000| Untracked 
|  33|0x00000000fe100000, 0x00000000fe100000, 0x00000000fe200000|  0%| F|  |TAMS 0x00000000fe100000, 0x00000000fe100000| Untracked 
|  34|0x00000000fe200000, 0x00000000fe200000, 0x00000000fe300000|  0%| F|  |TAMS 0x00000000fe200000, 0x00000000fe200000| Untracked 
|  35|0x00000000fe300000, 0x00000000fe300000, 0x00000000fe400000|  0%| F|  |TAMS 0x00000000fe300000, 0x00000000fe300000| Untracked 
|  36|0x00000000fe400000, 0x00000000fe400000, 0x00000000fe500000|  0%| F|  |TAMS 0x00000000fe400000, 0x00000000fe400000| Untracked 
|  37|0x00000000fe500000, 0x00000000fe500000, 0x00000000fe600000|  0%| F|  |TAMS 0x00000000fe500000, 0x00000000fe500000| Untracked 
|  38|0x00000000fe600000, 0x00000000fe600000, 0x00000000fe700000|  0%| F|  |TAMS 0x00000000fe600000, 0x00000000fe600000| Untracked 
|  39|0x00000000fe700000, 0x00000000fe700000, 0x00000000fe800000|  0%| F|  |TAMS 0x00000000fe700000, 0x00000000fe700000| Untracked 
|  40|0x00000000fe800000, 0x00000000fe800000, 0x00000000fe900000|  0%| F|  |TAMS 0x00000000fe800000, 0x00000000fe800000| Untracked 
|  41|0x00000000fe900000, 0x00000000fe900000, 0x00000000fea00000|  0%| F|  |TAMS 0x00000000fe900000, 0x00000000fe900000| Untracked 
|  42|0x00000000fea00000, 0x00000000fea00000, 0x00000000feb00000|  0%| F|  |TAMS 0x00000000fea00000, 0x00000000fea00000| Untracked 
|  43|0x00000000feb00000, 0x00000000feb00000, 0x00000000fec00000|  0%| F|  |TAMS 0x00000000feb00000, 0x00000000feb00000| Untracked 
|  44|0x00000000fec00000, 0x00000000fec00000, 0x00000000fed00000|  0%| F|  |TAMS 0x00000000fec00000, 0x00000000fec00000| Untracked 
|  45|0x00000000fed00000, 0x00000000fed00000, 0x00000000fee00000|  0%| F|  |TAMS 0x00000000fed00000, 0x00000000fed00000| Untracked 
|  46|0x00000000fee00000, 0x00000000fee00000, 0x00000000fef00000|  0%| F|  |TAMS 0x00000000fee00000, 0x00000000fee00000| Untracked 
|  47|0x00000000fef00000, 0x00000000fef00000, 0x00000000ff000000|  0%| F|  |TAMS 0x00000000fef00000, 0x00000000fef00000| Untracked 
|  48|0x00000000ff000000, 0x00000000ff000000, 0x00000000ff100000|  0%| F|  |TAMS 0x00000000ff000000, 0x00000000ff000000| Untracked 
|  49|0x00000000ff100000, 0x00000000ff100000, 0x00000000ff200000|  0%| F|  |TAMS 0x00000000ff100000, 0x00000000ff100000| Untracked 
|  50|0x00000000ff200000, 0x00000000ff200000, 0x00000000ff300000|  0%| F|  |TAMS 0x00000000ff200000, 0x00000000ff200000| Untracked 
|  51|0x00000000ff300000, 0x00000000ff300000, 0x00000000ff400000|  0%| F|  |TAMS 0x00000000ff300000, 0x00000000ff300000| Untracked 
|  52|0x00000000ff400000, 0x00000000ff400000, 0x00000000ff500000|  0%| F|  |TAMS 0x00000000ff400000, 0x00000000ff400000| Untracked 
|  53|0x00000000ff500000, 0x00000000ff500000, 0x00000000ff600000|  0%| F|  |TAMS 0x00000000ff500000, 0x00000000ff500000| Untracked 
|  54|0x00000000ff600000, 0x00000000ff600000, 0x00000000ff700000|  0%| F|  |TAMS 0x00000000ff600000, 0x00000000ff600000| Untracked 
|  55|0x00000000ff700000, 0x00000000ff700000, 0x00000000ff800000|  0%| F|  |TAMS 0x00000000ff700000, 0x00000000ff700000| Untracked 
|  56|0x00000000ff800000, 0x00000000ff800000, 0x00000000ff900000|  0%| F|  |TAMS 0x00000000ff800000, 0x00000000ff800000| Untracked 
|  57|0x00000000ff900000, 0x00000000ff900000, 0x00000000ffa00000|  0%| F|  |TAMS 0x00000000ff900000, 0x00000000ff900000| Untracked 
|  58|0x00000000ffa00000, 0x00000000ffa00000, 0x00000000ffb00000|  0%| F|  |TAMS 0x00000000ffa00000, 0x00000000ffa00000| Untracked 
|  59|0x00000000ffb00000, 0x00000000ffb00000, 0x00000000ffc00000|  0%| F|  |TAMS 0x00000000ffb00000, 0x00000000ffb00000| Untracked 
|  60|0x00000000ffc00000, 0x00000000ffc00000, 0x00000000ffd00000|  0%| F|  |TAMS 0x00000000ffc00000, 0x00000000ffc00000| Untracked 
|  61|0x00000000ffd00000, 0x00000000ffd76638, 0x00000000ffe00000| 46%| E|  |TAMS 0x00000000ffd00000, 0x00000000ffd00000| Complete 
|  62|0x00000000ffe00000, 0x00000000fff00000, 0x00000000fff00000|100%| E|CS|TAMS 0x00000000ffe00000, 0x00000000ffe00000| Complete 
|  63|0x00000000fff00000, 0x0000000100000000, 0x0000000100000000|100%| E|CS|TAMS 0x00000000fff00000, 0x00000000fff00000| Complete 

Card table byte_map: [0x000001b4fffa0000,0x000001b4fffc0000] _byte_map_base: 0x000001b4ff7c0000

Marking Bits (Prev, Next): (CMBitMap*) 0x000001b480045d40, (CMBitMap*) 0x000001b480045d80
 Prev Bits: [0x000001b496d40000, 0x000001b496e40000)
 Next Bits: [0x000001b496e40000, 0x000001b496f40000)

Polling page: 0x000001b4fdde0000

Metaspace:

Usage:
  Non-class:    892.73 KB used.
      Class:    101.71 KB used.
       Both:    994.44 KB used.

Virtual space:
  Non-class space:       64.00 MB reserved,     896.00 KB (  1%) committed,  1 nodes.
      Class space:        1.00 GB reserved,     192.00 KB ( <1%) committed,  1 nodes.
             Both:        1.06 GB reserved,       1.06 MB ( <1%) committed. 

Chunk freelists:
   Non-Class:  11.88 MB
       Class:  15.73 MB
        Both:  27.60 MB

MaxMetaspaceSize: unlimited
CompressedClassSpaceSize: 1.00 GB
Initial GC threshold: 21.00 MB
Current GC threshold: 21.00 MB
CDS: on
MetaspaceReclaimPolicy: balanced
 - commit_granule_bytes: 65536.
 - commit_granule_words: 8192.
 - virtual_space_node_default_size: 8388608.
 - enlarge_chunks_in_place: 1.
 - new_chunks_are_fully_committed: 0.
 - uncommit_free_chunks: 1.
 - use_allocation_guard: 0.
 - handle_deallocations: 1.


Internal statistics:

num_allocs_failed_limit: 0.
num_arena_births: 6.
num_arena_deaths: 0.
num_vsnodes_births: 2.
num_vsnodes_deaths: 0.
num_space_committed: 17.
num_space_uncommitted: 0.
num_chunks_returned_to_freelist: 0.
num_chunks_taken_from_freelist: 18.
num_chunk_merges: 0.
num_chunk_splits: 9.
num_chunks_enlarged: 8.
num_inconsistent_stats: 0.

CodeHeap 'non-profiled nmethods': size=120000Kb used=49Kb max_used=49Kb free=119950Kb
 bounds [0x000001b48f3c0000, 0x000001b48f630000, 0x000001b4968f0000]
CodeHeap 'profiled nmethods': size=120000Kb used=219Kb max_used=219Kb free=119780Kb
 bounds [0x000001b4878f0000, 0x000001b487b60000, 0x000001b48ee20000]
CodeHeap 'non-nmethods': size=5760Kb used=1113Kb max_used=1115Kb free=4646Kb
 bounds [0x000001b48ee20000, 0x000001b48f090000, 0x000001b48f3c0000]
 total_blobs=571 nmethods=179 adapters=305
 compilation: enabled
              stopped_count=0, restarted_count=0
 full_count=0

Compilation events (20 events):
Event: 0.120 Thread 0x000001b4800f6d80 nmethod 156 0x000001b48f3cb190 code [0x000001b48f3cb300, 0x000001b48f3cb438]
Event: 0.120 Thread 0x000001b499b46010 nmethod 166 0x000001b487923390 code [0x000001b487923560, 0x000001b487923958]
Event: 0.120 Thread 0x000001b4800f6d80  167       4       java.lang.CharacterDataLatin1::toUpperCaseEx (71 bytes)
Event: 0.120 Thread 0x000001b499b46010  169       3       java.lang.StringBuilder::toString (35 bytes)
Event: 0.120 Thread 0x000001b499b46010 nmethod 169 0x000001b487923b10 code [0x000001b487923ce0, 0x000001b487923fb8]
Event: 0.120 Thread 0x000001b499b46010  170       3       java.lang.StringBuilder::<init> (7 bytes)
Event: 0.120 Thread 0x000001b499b46010 nmethod 170 0x000001b487924090 code [0x000001b487924220, 0x000001b487924368]
Event: 0.120 Thread 0x000001b4800f6d80 nmethod 167 0x000001b48f3cb490 code [0x000001b48f3cb600, 0x000001b48f3cb6f8]
Event: 0.121 Thread 0x000001b499b46010  173       1       java.lang.module.ModuleDescriptor::isOpen (5 bytes)
Event: 0.121 Thread 0x000001b499b46010 nmethod 173 0x000001b48f3cbf10 code [0x000001b48f3cc0a0, 0x000001b48f3cc178]
Event: 0.121 Thread 0x000001b499b46010  174       3       java.util.ImmutableCollections$Set12$1::hasNext (13 bytes)
Event: 0.121 Thread 0x000001b499b46010 nmethod 174 0x000001b487924410 code [0x000001b4879245a0, 0x000001b487924718]
Event: 0.121 Thread 0x000001b499b46010  175       3       java.lang.Class::getName (18 bytes)
Event: 0.121 Thread 0x000001b499b46010 nmethod 175 0x000001b487924790 code [0x000001b487924940, 0x000001b487924ac8]
Event: 0.122 Thread 0x000001b499b46010  176       3       java.lang.StringConcatHelper::newArray (26 bytes)
Event: 0.122 Thread 0x000001b499b46010 nmethod 176 0x000001b487924b90 code [0x000001b487924d40, 0x000001b487924f88]
Event: 0.122 Thread 0x000001b499b46010  178       3       java.lang.StringLatin1::replace (198 bytes)
Event: 0.122 Thread 0x000001b499b46010 nmethod 178 0x000001b487925090 code [0x000001b487925320, 0x000001b487926088]
Event: 0.122 Thread 0x000001b499b46010  177       3       jdk.internal.misc.Unsafe::allocateUninitializedArray (55 bytes)
Event: 0.122 Thread 0x000001b499b46010 nmethod 177 0x000001b487926590 code [0x000001b487926780, 0x000001b487926bf8]

GC Heap History (0 events):
No events

Deoptimization events (0 events):
No events

Classes unloaded (0 events):
No events

Classes redefined (0 events):
No events

Internal exceptions (0 events):
No events

VM Operations (2 events):
Event: 0.040 Executing VM operation: HandshakeAllThreads
Event: 0.040 Executing VM operation: HandshakeAllThreads done

Events (20 events):
Event: 0.122 loading class java/lang/constant/MethodHandleDesc
Event: 0.122 loading class java/lang/constant/MethodHandleDesc done
Event: 0.122 loading class java/lang/constant/MethodHandleDesc$1
Event: 0.122 loading class java/lang/constant/MethodHandleDesc$1 done
Event: 0.122 loading class java/lang/constant/DirectMethodHandleDescImpl
Event: 0.122 loading class java/lang/constant/DirectMethodHandleDesc
Event: 0.122 loading class java/lang/constant/DirectMethodHandleDesc done
Event: 0.122 loading class java/lang/constant/DirectMethodHandleDescImpl done
Event: 0.122 loading class java/lang/constant/DirectMethodHandleDescImpl$1
Event: 0.122 loading class java/lang/constant/DirectMethodHandleDescImpl$1 done
Event: 0.122 loading class java/lang/constant/DirectMethodHandleDesc$1
Event: 0.122 loading class java/lang/constant/DirectMethodHandleDesc$1 done
Event: 0.122 loading class java/lang/constant/PrimitiveClassDescImpl
Event: 0.122 loading class java/lang/constant/DynamicConstantDesc
Event: 0.122 loading class java/lang/constant/DynamicConstantDesc done
Event: 0.122 loading class java/lang/constant/PrimitiveClassDescImpl done
Event: 0.122 loading class java/lang/constant/DynamicConstantDesc$AnonymousDynamicConstantDesc
Event: 0.123 loading class java/lang/constant/DynamicConstantDesc$AnonymousDynamicConstantDesc done
Event: 0.123 loading class sun/security/provider/ByteArrayAccess
Event: 0.123 loading class sun/security/provider/ByteArrayAccess done


Dynamic libraries:
0x00007ff653b10000 - 0x00007ff653b20000 	C:\Program Files\Java\jdk-17\bin\java.exe
0x00007ffb51390000 - 0x00007ffb51588000 	C:\Windows\SYSTEM32\ntdll.dll
0x00007ffb4fca0000 - 0x00007ffb4fd5f000 	C:\Windows\System32\KERNEL32.DLL
0x00007ffb4eb40000 - 0x00007ffb4ee36000 	C:\Windows\System32\KERNELBASE.dll
0x00007ffb4f2a0000 - 0x00007ffb4f3a0000 	C:\Windows\System32\ucrtbase.dll
0x00007ffb0e4d0000 - 0x00007ffb0e4e9000 	C:\Program Files\Java\jdk-17\bin\jli.dll
0x00007ffb4fbf0000 - 0x00007ffb4fc9f000 	C:\Windows\System32\ADVAPI32.dll
0x00007ffb4fd80000 - 0x00007ffb4fe1e000 	C:\Windows\System32\msvcrt.dll
0x00007ffb0e4b0000 - 0x00007ffb0e4cb000 	C:\Program Files\Java\jdk-17\bin\VCRUNTIME140.dll
0x00007ffb4f8b0000 - 0x00007ffb4f94c000 	C:\Windows\System32\sechost.dll
0x00007ffb4f9b0000 - 0x00007ffb4fad6000 	C:\Windows\System32\RPCRT4.dll
0x00007ffb50620000 - 0x00007ffb507bd000 	C:\Windows\System32\USER32.dll
0x00007ffb395d0000 - 0x00007ffb3986a000 	C:\Windows\WinSxS\amd64_microsoft.windows.common-controls_6595b64144ccf1df_6.0.19041.1110_none_60b5254171f9507e\COMCTL32.dll
0x00007ffb4eb10000 - 0x00007ffb4eb32000 	C:\Windows\System32\win32u.dll
0x00007ffb50440000 - 0x00007ffb5046c000 	C:\Windows\System32\GDI32.dll
0x00007ffb4ee70000 - 0x00007ffb4ef85000 	C:\Windows\System32\gdi32full.dll
0x00007ffb4ea70000 - 0x00007ffb4eb0d000 	C:\Windows\System32\msvcp_win.dll
0x00007ffb3d450000 - 0x00007ffb3d45a000 	C:\Windows\SYSTEM32\VERSION.dll
0x00007ffb4f520000 - 0x00007ffb4f550000 	C:\Windows\System32\IMM32.DLL
0x00007ffb2ce50000 - 0x00007ffb2ce5c000 	C:\Program Files\Java\jdk-17\bin\vcruntime140_1.dll
0x00007ffb0e420000 - 0x00007ffb0e4ae000 	C:\Program Files\Java\jdk-17\bin\msvcp140.dll
0x00007ffaf6e90000 - 0x00007ffaf7a70000 	C:\Program Files\Java\jdk-17\bin\server\jvm.dll
0x00007ffb4fd60000 - 0x00007ffb4fd68000 	C:\Windows\System32\PSAPI.DLL
0x00007ffb44620000 - 0x00007ffb44647000 	C:\Windows\SYSTEM32\WINMM.dll
0x00007ffb37bc0000 - 0x00007ffb37bc9000 	C:\Windows\SYSTEM32\WSOCK32.dll
0x00007ffb50970000 - 0x00007ffb509db000 	C:\Windows\System32\WS2_32.dll
0x00007ffb4c750000 - 0x00007ffb4c762000 	C:\Windows\SYSTEM32\kernel.appcore.dll
0x00007ffb2c5c0000 - 0x00007ffb2c5ca000 	C:\Program Files\Java\jdk-17\bin\jimage.dll
0x00007ffb3c1f0000 - 0x00007ffb3c3d4000 	C:\Windows\SYSTEM32\DBGHELP.DLL
0x00007ffb3bb10000 - 0x00007ffb3bb44000 	C:\Windows\SYSTEM32\dbgcore.DLL
0x00007ffb4f210000 - 0x00007ffb4f292000 	C:\Windows\System32\bcryptPrimitives.dll
0x00007ffb0e3f0000 - 0x00007ffb0e415000 	C:\Program Files\Java\jdk-17\bin\java.dll
0x00007ffb0e310000 - 0x00007ffb0e3e7000 	C:\Program Files\Java\jdk-17\bin\jsvml.dll
0x00007ffb509e0000 - 0x00007ffb51124000 	C:\Windows\System32\SHELL32.dll
0x00007ffb4c950000 - 0x00007ffb4d0e3000 	C:\Windows\SYSTEM32\windows.storage.dll
0x00007ffb4f550000 - 0x00007ffb4f8a4000 	C:\Windows\System32\combase.dll
0x00007ffb4e4b0000 - 0x00007ffb4e4de000 	C:\Windows\SYSTEM32\Wldp.dll
0x00007ffb4fae0000 - 0x00007ffb4fb8d000 	C:\Windows\System32\SHCORE.dll
0x00007ffb4fb90000 - 0x00007ffb4fbe5000 	C:\Windows\System32\shlwapi.dll
0x00007ffb4e9a0000 - 0x00007ffb4e9c5000 	C:\Windows\SYSTEM32\profapi.dll
0x00007ffb0e2f0000 - 0x00007ffb0e309000 	C:\Program Files\Java\jdk-17\bin\net.dll
0x00007ffb48f60000 - 0x00007ffb4906a000 	C:\Windows\SYSTEM32\WINHTTP.dll
0x00007ffb4e210000 - 0x00007ffb4e27a000 	C:\Windows\system32\mswsock.dll
0x00007ffb0e2d0000 - 0x00007ffb0e2e6000 	C:\Program Files\Java\jdk-17\bin\nio.dll
0x00007ffaff160000 - 0x00007ffaff178000 	C:\Program Files\Java\jdk-17\bin\zip.dll

dbghelp: loaded successfully - version: 4.0.5 - missing functions: none
symbol engine: initialized successfully - sym options: 0x614 - pdb path: .;C:\Program Files\Java\jdk-17\bin;C:\Windows\SYSTEM32;C:\Windows\WinSxS\amd64_microsoft.windows.common-controls_6595b64144ccf1df_6.0.19041.1110_none_60b5254171f9507e;C:\Program Files\Java\jdk-17\bin\server

VM Arguments:
jvm_args: -Xmx64m -Xms64m -Dorg.gradle.appname=gradlew 
java_command: org.gradle.wrapper.GradleWrapperMain app:installDebug -PreactNativeDevServerPort=8081
java_class_path (initial): C:\projeto_mobile\android\\gradle\wrapper\gradle-wrapper.jar
Launcher Type: SUN_STANDARD

[Global flags]
     intx CICompilerCount                          = 4                                         {product} {ergonomic}
     uint ConcGCThreads                            = 3                                         {product} {ergonomic}
     uint G1ConcRefinementThreads                  = 10                                        {product} {ergonomic}
   size_t G1HeapRegionSize                         = 1048576                                   {product} {ergonomic}
    uintx GCDrainStackTargetSize                   = 64                                        {product} {ergonomic}
   size_t InitialHeapSize                          = 67108864                                  {product} {command line}
   size_t MarkStackSize                            = 4194304                                   {product} {ergonomic}
   size_t MaxHeapSize                              = 67108864                                  {product} {command line}
   size_t MaxNewSize                               = 39845888                                  {product} {ergonomic}
   size_t MinHeapDeltaBytes                        = 1048576                                   {product} {ergonomic}
   size_t MinHeapSize                              = 67108864                                  {product} {command line}
    uintx NonNMethodCodeHeapSize                   = 5839372                                {pd product} {ergonomic}
    uintx NonProfiledCodeHeapSize                  = 122909434                              {pd product} {ergonomic}
    uintx ProfiledCodeHeapSize                     = 122909434                              {pd product} {ergonomic}
    uintx ReservedCodeCacheSize                    = 251658240                              {pd product} {ergonomic}
     bool SegmentedCodeCache                       = true                                      {product} {ergonomic}
   size_t SoftMaxHeapSize                          = 67108864                               {manageable} {ergonomic}
     bool UseCompressedClassPointers               = true                           {product lp64_product} {ergonomic}
     bool UseCompressedOops                        = true                           {product lp64_product} {ergonomic}
     bool UseG1GC                                  = true                                      {product} {ergonomic}
     bool UseLargePagesIndividualAllocation        = false                                  {pd product} {ergonomic}

Logging:
Log output configuration:
 #0: stdout all=warning uptime,level,tags
 #1: stderr all=off uptime,level,tags

Environment Variables:
JAVA_HOME=C:\Program Files\Java\jdk-17
CLASSPATH=C:\projeto_mobile\android\\gradle\wrapper\gradle-wrapper.jar
PATH=C:\projeto_mobile\node_modules\.bin;C:\node_modules\.bin;C:\Program Files\nodejs\node_modules\npm\node_modules\@npmcli\run-script\lib\node-gyp-bin;C:\Users\Aluno.saolucas\bin;C:\Program Files\Git\mingw64\bin;C:\Program Files\Git\usr\local\bin;C:\Program Files\Git\usr\bin;C:\Program Files\Git\usr\bin;C:\Program Files\Git\mingw64\bin;C:\Program Files\Git\usr\bin;C:\Users\Aluno.saolucas\bin;C:\Program Files\Common Files\Oracle\Java\javapath;C:\Python313\Scripts;C:\Python313;C:\ProgramData\Oracle\Java\javapath;C:\Windows\system32;C:\Windows;C:\Windows\System32\Wbem;C:\Windows\System32\WindowsPowerShell\v1.0;C:\Windows\System32\OpenSSH;C:\Program Files\Git\cmd;C:\Program Files\nodejs;C:\ProgramData\chocolatey\bin;C:\Program Files (x86)\Microsoft\Edge\Application;C:\ProgramData\Oracle\Java\javapath;C:\Windows\system32;C:\Windows;C:\Windows\System32\Wbem;C:\Windows\System32\WindowsPowerShell\v1.0;C:\Windows\System32\OpenSSH;C:\Program Files\nodejs;C:\Program Files\Git\cmd;C:\Users\Aluno.saolucas\AppData\Local\Android\Sdk\platform-tools;C:\Users\Aluno.saolucas\AppData\Local\Programs\Microsoft VS Code\bin;C:\Users\Aluno.saolucas\AppData\Local\Android\Sdk\platform-tools;C:\Users\Aluno.saolucas\AppData\Roaming\npm;C:\Program Files\Git\usr\bin\vendor_perl;C:\Program Files\Git\usr\bin\core_perl
USERNAME=aluno.saolucas
SHELL=C:\Program Files\Git\usr\bin\bash.exe
DISPLAY=needs-to-be-defined
LC_CTYPE=pt_BR.UTF-8
OS=Windows_NT
PROCESSOR_IDENTIFIER=Intel64 Family 6 Model 151 Stepping 2, GenuineIntel



---------------  S Y S T E M  ---------------

OS:
 Windows 10 , 64 bit Build 19041 (10.0.19041.3155)
OS uptime: 14 days 6:03 hours

CPU: total 12 (initial active 12) (6 cores per cpu, 2 threads per core) family 6 model 151 stepping 2 microcode 0x1e, cx8, cmov, fxsr, ht, mmx, 3dnowpref, sse, sse2, sse3, ssse3, sse4.1, sse4.2, popcnt, lzcnt, tsc, tscinvbit, avx, avx2, aes, erms, clmul, bmi1, bmi2, adx, sha, fma, vzeroupper, clflush, clflushopt, clwb

Memory: 4k page, system-wide physical 7508M (984M free)
TotalPageFile size 30036M (AvailPageFile size 0M)
current process WorkingSet (physical memory assigned to process): 35M, peak: 35M
current process commit charge ("private bytes"): 147M, peak: 147M

vm_info: Java HotSpot(TM) 64-Bit Server VM (17.0.12+8-LTS-286) for windows-amd64 JRE (17.0.12+8-LTS-286), built on Jun  5 2024 06:46:59 by "mach5one" with MS VC++ 17.6 (VS2022)

END.
